Info: Starting: Create simulation model
Info: qsys-generate C:\ECE342\lab4\part1\nios_system.qsys --simulation=VERILOG --allow-mixed-language-simulation --output-directory=C:\ECE342\lab4\part1\nios_system\simulation --family="Cyclone V" --part=5CSEMA5F31C6
Progress: Loading part1/nios_system.qsys
Progress: Reading input file
Progress: Adding clk_0 [clock_source 18.0]
Progress: Parameterizing module clk_0
Progress: Adding leds [altera_avalon_pio 18.0]
Progress: Parameterizing module leds
Progress: Adding nios2_gen2_0 [altera_nios2_gen2 18.0]
Progress: Parameterizing module nios2_gen2_0
Progress: Adding onchip_memory2_0 [altera_avalon_onchip_memory2 18.0]
Progress: Parameterizing module onchip_memory2_0
Progress: Adding switches [altera_avalon_pio 18.0]
Progress: Parameterizing module switches
Progress: Building connections
Progress: Parameterizing connections
Progress: Validating
Progress: Done reading input file
Info: nios_system.switches: PIO inputs are not hardwired in test bench. Undefined values will be read from PIO inputs during simulation.
Info: nios_system: Generating nios_system "nios_system" for SIM_VERILOG
Info: leds: Starting RTL generation for module 'nios_system_leds'
Info: leds:   Generation command is [exec C:/intelfpga_lite/18.0/quartus/bin64/perl/bin/perl.exe -I C:/intelfpga_lite/18.0/quartus/bin64/perl/lib -I C:/intelfpga_lite/18.0/quartus/sopc_builder/bin/europa -I C:/intelfpga_lite/18.0/quartus/sopc_builder/bin/perl_lib -I C:/intelfpga_lite/18.0/quartus/sopc_builder/bin -I C:/intelfpga_lite/18.0/quartus/../ip/altera/sopc_builder_ip/common -I C:/intelfpga_lite/18.0/quartus/../ip/altera/sopc_builder_ip/altera_avalon_pio -- C:/intelfpga_lite/18.0/quartus/../ip/altera/sopc_builder_ip/altera_avalon_pio/generate_rtl.pl --name=nios_system_leds --dir=C:/Users/Davendra/AppData/Local/Temp/alt8692_8843885108529085146.dir/0002_leds_gen/ --quartus_dir=C:/intelfpga_lite/18.0/quartus --verilog --config=C:/Users/Davendra/AppData/Local/Temp/alt8692_8843885108529085146.dir/0002_leds_gen//nios_system_leds_component_configuration.pl  --do_build_sim=1    --sim_dir=C:/Users/Davendra/AppData/Local/Temp/alt8692_8843885108529085146.dir/0002_leds_gen/  ]
Info: leds: Done RTL generation for module 'nios_system_leds'
Info: leds: "nios_system" instantiated altera_avalon_pio "leds"
Info: nios2_gen2_0: "nios_system" instantiated altera_nios2_gen2 "nios2_gen2_0"
Info: onchip_memory2_0: Starting RTL generation for module 'nios_system_onchip_memory2_0'
Info: onchip_memory2_0:   Generation command is [exec C:/intelfpga_lite/18.0/quartus/bin64/perl/bin/perl.exe -I C:/intelfpga_lite/18.0/quartus/bin64/perl/lib -I C:/intelfpga_lite/18.0/quartus/sopc_builder/bin/europa -I C:/intelfpga_lite/18.0/quartus/sopc_builder/bin/perl_lib -I C:/intelfpga_lite/18.0/quartus/sopc_builder/bin -I C:/intelfpga_lite/18.0/quartus/../ip/altera/sopc_builder_ip/common -I C:/intelfpga_lite/18.0/quartus/../ip/altera/sopc_builder_ip/altera_avalon_onchip_memory2 -- C:/intelfpga_lite/18.0/quartus/../ip/altera/sopc_builder_ip/altera_avalon_onchip_memory2/generate_rtl.pl --name=nios_system_onchip_memory2_0 --dir=C:/Users/Davendra/AppData/Local/Temp/alt8692_8843885108529085146.dir/0003_onchip_memory2_0_gen/ --quartus_dir=C:/intelfpga_lite/18.0/quartus --verilog --config=C:/Users/Davendra/AppData/Local/Temp/alt8692_8843885108529085146.dir/0003_onchip_memory2_0_gen//nios_system_onchip_memory2_0_component_configuration.pl  --do_build_sim=1    --sim_dir=C:/Users/Davendra/AppData/Local/Temp/alt8692_8843885108529085146.dir/0003_onchip_memory2_0_gen/  ]
Info: onchip_memory2_0: Done RTL generation for module 'nios_system_onchip_memory2_0'
Info: onchip_memory2_0: "nios_system" instantiated altera_avalon_onchip_memory2 "onchip_memory2_0"
Info: switches: Starting RTL generation for module 'nios_system_switches'
Info: switches:   Generation command is [exec C:/intelfpga_lite/18.0/quartus/bin64/perl/bin/perl.exe -I C:/intelfpga_lite/18.0/quartus/bin64/perl/lib -I C:/intelfpga_lite/18.0/quartus/sopc_builder/bin/europa -I C:/intelfpga_lite/18.0/quartus/sopc_builder/bin/perl_lib -I C:/intelfpga_lite/18.0/quartus/sopc_builder/bin -I C:/intelfpga_lite/18.0/quartus/../ip/altera/sopc_builder_ip/common -I C:/intelfpga_lite/18.0/quartus/../ip/altera/sopc_builder_ip/altera_avalon_pio -- C:/intelfpga_lite/18.0/quartus/../ip/altera/sopc_builder_ip/altera_avalon_pio/generate_rtl.pl --name=nios_system_switches --dir=C:/Users/Davendra/AppData/Local/Temp/alt8692_8843885108529085146.dir/0004_switches_gen/ --quartus_dir=C:/intelfpga_lite/18.0/quartus --verilog --config=C:/Users/Davendra/AppData/Local/Temp/alt8692_8843885108529085146.dir/0004_switches_gen//nios_system_switches_component_configuration.pl  --do_build_sim=1    --sim_dir=C:/Users/Davendra/AppData/Local/Temp/alt8692_8843885108529085146.dir/0004_switches_gen/  ]
Info: switches: Done RTL generation for module 'nios_system_switches'
Info: switches: "nios_system" instantiated altera_avalon_pio "switches"
Info: avalon_st_adapter: Inserting error_adapter: error_adapter_0
Info: avalon_st_adapter_001: Inserting error_adapter: error_adapter_0
Info: avalon_st_adapter_002: Inserting error_adapter: error_adapter_0
Info: avalon_st_adapter_003: Inserting error_adapter: error_adapter_0
Info: mm_interconnect_0: "nios_system" instantiated altera_mm_interconnect "mm_interconnect_0"
Info: irq_mapper: "nios_system" instantiated altera_irq_mapper "irq_mapper"
Info: rst_controller: "nios_system" instantiated altera_reset_controller "rst_controller"
Info: cpu: Starting RTL generation for module 'nios_system_nios2_gen2_0_cpu'
Info: cpu:   Generation command is [exec C:/intelFPGA_lite/18.0/quartus/bin64//eperlcmd.exe -I C:/intelFPGA_lite/18.0/quartus/bin64//perl/lib -I C:/intelfpga_lite/18.0/quartus/sopc_builder/bin/europa -I C:/intelfpga_lite/18.0/quartus/sopc_builder/bin/perl_lib -I C:/intelfpga_lite/18.0/quartus/sopc_builder/bin -I C:/intelfpga_lite/18.0/quartus/../ip/altera/nios2_ip/altera_nios2_gen2/cpu_lib -I C:/intelfpga_lite/18.0/quartus/../ip/altera/nios2_ip/altera_nios2_gen2/nios_lib -I C:/intelfpga_lite/18.0/quartus/../ip/altera/nios2_ip/altera_nios2_gen2 -I C:/intelfpga_lite/18.0/quartus/../ip/altera/nios2_ip/altera_nios2_gen2 -- C:/intelfpga_lite/18.0/quartus/../ip/altera/nios2_ip/altera_nios2_gen2/generate_rtl.epl --name=nios_system_nios2_gen2_0_cpu --dir=C:/Users/Davendra/AppData/Local/Temp/alt8692_8843885108529085146.dir/0007_cpu_gen/ --quartus_bindir=C:/intelFPGA_lite/18.0/quartus/bin64/ --verilog --config=C:/Users/Davendra/AppData/Local/Temp/alt8692_8843885108529085146.dir/0007_cpu_gen//nios_system_nios2_gen2_0_cpu_processor_configuration.pl  --do_build_sim=1    --sim_dir=C:/Users/Davendra/AppData/Local/Temp/alt8692_8843885108529085146.dir/0007_cpu_gen/  ]
Info: cpu: # 2021.03.06 02:30:31 (*) Starting Nios II generation
Info: cpu: # 2021.03.06 02:30:31 (*)   Checking for plaintext license.
Info: cpu: # 2021.03.06 02:30:32 (*)   Couldn't query license setup in Quartus directory C:/intelFPGA_lite/18.0/quartus/bin64/
Info: cpu: # 2021.03.06 02:30:32 (*)   Defaulting to contents of LM_LICENSE_FILE environment variable
Info: cpu: # 2021.03.06 02:30:32 (*)   LM_LICENSE_FILE environment variable is empty
Info: cpu: # 2021.03.06 02:30:32 (*)   Plaintext license not found.
Info: cpu: # 2021.03.06 02:30:32 (*)   No license required to generate encrypted Nios II/e.
Info: cpu: # 2021.03.06 02:30:32 (*)   Elaborating CPU configuration settings
Info: cpu: # 2021.03.06 02:30:32 (*)   Creating all objects for CPU
Info: cpu: # 2021.03.06 02:30:34 (*)   Creating 'C:/Users/Davendra/AppData/Local/Temp/alt8692_8843885108529085146.dir/0007_cpu_gen//nios_system_nios2_gen2_0_cpu_nios2_waves.do'
Info: cpu: # 2021.03.06 02:30:34 (*)   Generating RTL from CPU objects
Info: cpu: # 2021.03.06 02:30:34 (*)   Creating plain-text RTL
Info: cpu: # 2021.03.06 02:30:34 (*) Done Nios II generation
Info: cpu: Done RTL generation for module 'nios_system_nios2_gen2_0_cpu'
Info: cpu: "nios2_gen2_0" instantiated altera_nios2_gen2_unit "cpu"
Info: nios2_gen2_0_data_master_translator: "mm_interconnect_0" instantiated altera_merlin_master_translator "nios2_gen2_0_data_master_translator"
Info: nios2_gen2_0_debug_mem_slave_translator: "mm_interconnect_0" instantiated altera_merlin_slave_translator "nios2_gen2_0_debug_mem_slave_translator"
Info: nios2_gen2_0_data_master_agent: "mm_interconnect_0" instantiated altera_merlin_master_agent "nios2_gen2_0_data_master_agent"
Info: nios2_gen2_0_debug_mem_slave_agent: "mm_interconnect_0" instantiated altera_merlin_slave_agent "nios2_gen2_0_debug_mem_slave_agent"
Info: nios2_gen2_0_debug_mem_slave_agent_rsp_fifo: "mm_interconnect_0" instantiated altera_avalon_sc_fifo "nios2_gen2_0_debug_mem_slave_agent_rsp_fifo"
Info: router: "mm_interconnect_0" instantiated altera_merlin_router "router"
Info: router_001: "mm_interconnect_0" instantiated altera_merlin_router "router_001"
Info: router_002: "mm_interconnect_0" instantiated altera_merlin_router "router_002"
Info: router_004: "mm_interconnect_0" instantiated altera_merlin_router "router_004"
Info: cmd_demux: "mm_interconnect_0" instantiated altera_merlin_demultiplexer "cmd_demux"
Info: cmd_demux_001: "mm_interconnect_0" instantiated altera_merlin_demultiplexer "cmd_demux_001"
Info: cmd_mux: "mm_interconnect_0" instantiated altera_merlin_multiplexer "cmd_mux"
Info: cmd_mux_002: "mm_interconnect_0" instantiated altera_merlin_multiplexer "cmd_mux_002"
Info: Reusing file C:/ECE342/lab4/part1/nios_system/simulation/submodules/altera_merlin_arbitrator.sv
Info: rsp_demux_002: "mm_interconnect_0" instantiated altera_merlin_demultiplexer "rsp_demux_002"
Info: rsp_mux: "mm_interconnect_0" instantiated altera_merlin_multiplexer "rsp_mux"
Info: Reusing file C:/ECE342/lab4/part1/nios_system/simulation/submodules/altera_merlin_arbitrator.sv
Info: rsp_mux_001: "mm_interconnect_0" instantiated altera_merlin_multiplexer "rsp_mux_001"
Info: Reusing file C:/ECE342/lab4/part1/nios_system/simulation/submodules/altera_merlin_arbitrator.sv
Info: avalon_st_adapter: "mm_interconnect_0" instantiated altera_avalon_st_adapter "avalon_st_adapter"
Info: error_adapter_0: "avalon_st_adapter" instantiated error_adapter "error_adapter_0"
Info: nios_system: Done "nios_system" with 27 modules, 47 files
Info: qsys-generate succeeded.
Info: Finished: Create simulation model
Info: Starting: Create Modelsim Project.
Info: sim-script-gen --spd=C:\ECE342\lab4\part1\nios_system\nios_system.spd --output-directory=C:/ECE342/lab4/part1/nios_system/simulation/ --use-relative-paths=true
Info: Doing: ip-make-simscript --spd=C:\ECE342\lab4\part1\nios_system\nios_system.spd --output-directory=C:/ECE342/lab4/part1/nios_system/simulation/ --use-relative-paths=true
Info: Generating the following file(s) for MODELSIM simulator in C:/ECE342/lab4/part1/nios_system/simulation/ directory:
Info: 	mentor/msim_setup.tcl
Info: Generating the following file(s) for VCS simulator in C:/ECE342/lab4/part1/nios_system/simulation/ directory:
Info: 	synopsys/vcs/vcs_setup.sh
Info: Generating the following file(s) for VCSMX simulator in C:/ECE342/lab4/part1/nios_system/simulation/ directory:
Info: 	synopsys/vcsmx/synopsys_sim.setup
Info: 	synopsys/vcsmx/vcsmx_setup.sh
Info: Generating the following file(s) for NCSIM simulator in C:/ECE342/lab4/part1/nios_system/simulation/ directory:
Info: 	cadence/cds.lib
Info: 	cadence/hdl.var
Info: 	cadence/ncsim_setup.sh
Info: 	26 .cds.lib files in cadence/cds_libs/ directory
Info: Generating the following file(s) for RIVIERA simulator in C:/ECE342/lab4/part1/nios_system/simulation/ directory:
Info: 	aldec/rivierapro_setup.tcl
Info: For information on how to simulate your IP, see the explanatory comments in the simulator-specific subdirectories under C:/ECE342/lab4/part1/nios_system/simulation/.
Info: Regenerate these scripts whenever you make any change to any Quartus-generated IP in your project.
Info: Finished: Create Modelsim Project.
Info: Starting: Create block symbol file (.bsf)
Info: qsys-generate C:\ECE342\lab4\part1\nios_system.qsys --block-symbol-file --output-directory=C:\ECE342\lab4\part1\nios_system --family="Cyclone V" --part=5CSEMA5F31C6
Progress: Loading part1/nios_system.qsys
Progress: Reading input file
Progress: Adding clk_0 [clock_source 18.0]
Progress: Parameterizing module clk_0
Progress: Adding leds [altera_avalon_pio 18.0]
Progress: Parameterizing module leds
Progress: Adding nios2_gen2_0 [altera_nios2_gen2 18.0]
Progress: Parameterizing module nios2_gen2_0
Progress: Adding onchip_memory2_0 [altera_avalon_onchip_memory2 18.0]
Progress: Parameterizing module onchip_memory2_0
Progress: Adding switches [altera_avalon_pio 18.0]
Progress: Parameterizing module switches
Progress: Building connections
Progress: Parameterizing connections
Progress: Validating
Progress: Done reading input file
Info: nios_system.switches: PIO inputs are not hardwired in test bench. Undefined values will be read from PIO inputs during simulation.
Info: qsys-generate succeeded.
Info: Finished: Create block symbol file (.bsf)
